<?xml version="1.0" encoding="UTF-8"?>
<!-- Generated by org.testng.reporters.JUnitReportReporter -->
<testsuite hostname="station2" failures="0" tests="1" name="com.learn.qarestassure.tests.DynamicJson" time="1.756" errors="0" timestamp="2022-10-16T00:17:07 COT" skipped="0">
  <testcase classname="com.learn.qarestassure.tests.DynamicJson" name="addBook" time="1.756"/>
  <system-out/>
</testsuite> <!-- com.learn.qarestassure.tests.DynamicJson -->
