<?xml version="1.0" encoding="UTF-8"?>
<!-- Generated by org.testng.reporters.JUnitReportReporter -->
<testsuite hostname="station2" failures="0" tests="1" name="com.learn.qarestassure.tests.ApiTest" time="4.411" errors="0" timestamp="2022-10-15T21:35:37 COT" skipped="0">
  <testcase classname="com.learn.qarestassure.tests.ApiTest" name="apiTest" time="4.411"/>
  <system-out/>
</testsuite> <!-- com.learn.qarestassure.tests.ApiTest -->
