<?xml version="1.0" encoding="UTF-8"?>
<!-- Generated by org.testng.reporters.JUnitReportReporter -->
<testsuite hostname="station" failures="0" tests="1" name="com.tribu.qarestassure.tests.Basics" time="6.242" errors="0" timestamp="2022-08-21T19:32:29 COT" skipped="0">
  <testcase classname="com.tribu.qarestassure.tests.Basics" name="apiTest" time="6.242"/>
  <system-out/>
</testsuite> <!-- com.tribu.qarestassure.tests.Basics -->
