<?xml version="1.0" encoding="UTF-8"?>
<!-- Generated by org.testng.reporters.JUnitReportReporter -->
<testsuite hostname="station2" failures="0" tests="1" name="com.learn.qarestassure.tests.CoursesApiTest" time="0.702" errors="0" timestamp="2022-10-10T22:17:58 COT" skipped="0">
  <testcase classname="com.learn.qarestassure.tests.CoursesApiTest" name="verifyCoursesData" time="0.702"/>
  <system-out/>
</testsuite> <!-- com.learn.qarestassure.tests.CoursesApiTest -->
