<?xml version="1.0" encoding="UTF-8"?>
<!-- Generated by org.testng.reporters.JUnitReportReporter -->
<testsuite hostname="station2" failures="0" tests="1" name="com.tribu.qarestassure.tests.Basics" time="4.648" errors="0" timestamp="2022-10-08T21:09:18 COT" skipped="0">
  <testcase classname="com.tribu.qarestassure.tests.Basics" name="apiTest" time="4.648"/>
  <system-out/>
</testsuite> <!-- com.tribu.qarestassure.tests.Basics -->
